Using pre-set license
Built from '2020.3/release' branch; Version is '2020.3.7f1 (dd97f2c94397) revision 14522354'; Using compiler version '192528614'; Build Type 'Release'
OS: 'Windows 10 Home; OS build 19041.928; Version 2004; 64bit' Language: 'en' Physical Memory: 16257 MB
BatchMode: 1, IsHumanControllingUs: 0, StartBugReporterOnCrash: 0, Is64bit: 1, IsPro: 0

 COMMAND LINE ARGUMENTS:
C:\Program Files\Unity\Hub\Editor\2020.3.7f1\Editor\Unity.exe
-adb2
-batchMode
-noUpm
-name
AssetImportWorker0
-projectPath
D:/Work/FAtiMA-Starter-Kit-Source/FAtiMA-Starter-Kit-4.1
-logFile
Logs/AssetImportWorker0.log
-srvPort
49849
Successfully changed project path to: D:/Work/FAtiMA-Starter-Kit-Source/FAtiMA-Starter-Kit-4.1
D:/Work/FAtiMA-Starter-Kit-Source/FAtiMA-Starter-Kit-4.1
Using Asset Import Pipeline V2.
Refreshing native plugins compatible for Editor in 32.82 ms, found 0 plugins.
Preloading 0 native plugins for Editor in 0.00 ms.
Initialize engine version: 2020.3.7f1 (dd97f2c94397)
[Subsystems] Discovering subsystems at path C:/Program Files/Unity/Hub/Editor/2020.3.7f1/Editor/Data/Resources/UnitySubsystems
[Subsystems] Discovering subsystems at path D:/Work/FAtiMA-Starter-Kit-Source/FAtiMA-Starter-Kit-4.1/Assets
GfxDevice: creating device client; threaded=0
Direct3D:
    Version:  Direct3D 11.0 [level 11.1]
    Renderer: NVIDIA GeForce GTX 1060 (ID=0x1c20)
    Vendor:   
    VRAM:     6052 MB
    Driver:   27.21.14.6192
Initialize mono
Mono path[0] = 'C:/Program Files/Unity/Hub/Editor/2020.3.7f1/Editor/Data/Managed'
Mono path[1] = 'C:/Program Files/Unity/Hub/Editor/2020.3.7f1/Editor/Data/MonoBleedingEdge/lib/mono/unityjit'
Mono config path = 'C:/Program Files/Unity/Hub/Editor/2020.3.7f1/Editor/Data/MonoBleedingEdge/etc'
Using monoOptions --debugger-agent=transport=dt_socket,embedding=1,server=y,suspend=n,address=127.0.0.1:56476
Begin MonoManager ReloadAssembly
Registering precompiled unity dll's ...
Register platform support module: C:/Program Files/Unity/Hub/Editor/2020.3.7f1/Editor/Data/PlaybackEngines/WebGLSupport/UnityEditor.WebGL.Extensions.dll
Register platform support module: C:/Program Files/Unity/Hub/Editor/2020.3.7f1/Editor/Data/PlaybackEngines/WindowsStandaloneSupport/UnityEditor.WindowsStandalone.Extensions.dll
Registered in 0.002781 seconds.
Native extension for WindowsStandalone target not found
Native extension for WebGL target not found
Refreshing native plugins compatible for Editor in 26.43 ms, found 0 plugins.
Preloading 0 native plugins for Editor in 0.00 ms.
Mono: successfully reloaded assembly
- Completed reload, in  2.650 seconds
Platform modules already initialized, skipping
Registering precompiled user dll's ...
Registered in 0.008398 seconds.
Begin MonoManager ReloadAssembly
Native extension for WindowsStandalone target not found
Native extension for WebGL target not found
Refreshing native plugins compatible for Editor in 0.36 ms, found 0 plugins.
Preloading 0 native plugins for Editor in 0.00 ms.
Mono: successfully reloaded assembly
- Completed reload, in  1.432 seconds
Platform modules already initialized, skipping
========================================================================
Worker process is ready to serve import requests
Launched and connected shader compiler UnityShaderCompiler.exe after 0.07 seconds
Refreshing native plugins compatible for Editor in 0.36 ms, found 0 plugins.
Preloading 0 native plugins for Editor in 0.00 ms.
Unloading 1146 Unused Serialized files (Serialized files now loaded: 0)
System memory in use before: 58.3 MB.
System memory in use after: 58.3 MB.

Unloading 26 unused Assets to reduce memory usage. Loaded Objects now: 1574.
Total: 1.874400 ms (FindLiveObjects: 0.137700 ms CreateObjectMapping: 0.038200 ms MarkObjects: 1.622300 ms  DeleteObjects: 0.074900 ms)

========================================================================
Received Import Request.
  path: Assets/StreamingAssets/MultiCharacter/TTS/Male
  artifactKey: Guid(c2894fd9471c9f548bad2f26494fefca) Importer(815301076,1909f56bfc062723c751e8b465ee728b)
Start importing Assets/StreamingAssets/MultiCharacter/TTS/Male using Guid(c2894fd9471c9f548bad2f26494fefca) Importer(815301076,1909f56bfc062723c751e8b465ee728b)  -> (artifact id: 'cf896013d6669c91be81e947c0b6e325') in 0.007869 seconds
  Import took 0.033284 seconds .

========================================================================
Received Prepare
Registering precompiled user dll's ...
Registered in 0.024327 seconds.
Begin MonoManager ReloadAssembly
Native extension for WindowsStandalone target not found
Native extension for WebGL target not found
Refreshing native plugins compatible for Editor in 0.53 ms, found 0 plugins.
Preloading 0 native plugins for Editor in 0.00 ms.
Mono: successfully reloaded assembly
- Completed reload, in  2.230 seconds
Platform modules already initialized, skipping
Refreshing native plugins compatible for Editor in 0.39 ms, found 0 plugins.
Preloading 0 native plugins for Editor in 0.00 ms.
Unloading 1141 Unused Serialized files (Serialized files now loaded: 0)
System memory in use before: 58.2 MB.
System memory in use after: 58.3 MB.

Unloading 21 unused Assets to reduce memory usage. Loaded Objects now: 1577.
Total: 2.169500 ms (FindLiveObjects: 0.195500 ms CreateObjectMapping: 0.058400 ms MarkObjects: 1.885900 ms  DeleteObjects: 0.028100 ms)

========================================================================
Received Prepare
Registering precompiled user dll's ...
Registered in 0.010270 seconds.
Begin MonoManager ReloadAssembly
Native extension for WindowsStandalone target not found
Native extension for WebGL target not found
Refreshing native plugins compatible for Editor in 0.40 ms, found 0 plugins.
Preloading 0 native plugins for Editor in 0.00 ms.
Mono: successfully reloaded assembly
- Completed reload, in  1.077 seconds
Platform modules already initialized, skipping
Refreshing native plugins compatible for Editor in 0.38 ms, found 0 plugins.
Preloading 0 native plugins for Editor in 0.00 ms.
Unloading 1141 Unused Serialized files (Serialized files now loaded: 0)
System memory in use before: 58.3 MB.
System memory in use after: 58.4 MB.

Unloading 21 unused Assets to reduce memory usage. Loaded Objects now: 1580.
Total: 1.961300 ms (FindLiveObjects: 0.145400 ms CreateObjectMapping: 0.038000 ms MarkObjects: 1.755400 ms  DeleteObjects: 0.021600 ms)

========================================================================
Received Prepare
Refreshing native plugins compatible for Editor in 8.20 ms, found 0 plugins.
Preloading 0 native plugins for Editor in 0.00 ms.
Unloading 20 Unused Serialized files (Serialized files now loaded: 0)
System memory in use before: 36.0 MB.
System memory in use after: 36.1 MB.

Unloading 19 unused Assets to reduce memory usage. Loaded Objects now: 1580.
Total: 2.182000 ms (FindLiveObjects: 0.256200 ms CreateObjectMapping: 0.062400 ms MarkObjects: 1.842900 ms  DeleteObjects: 0.018600 ms)

========================================================================
Received Import Request.
  Time since last request: 917.753207 seconds.
  path: Assets/Media
  artifactKey: Guid(a78d7cc36f13e444699932b0e4decadc) Importer(815301076,1909f56bfc062723c751e8b465ee728b)
Start importing Assets/Media using Guid(a78d7cc36f13e444699932b0e4decadc) Importer(815301076,1909f56bfc062723c751e8b465ee728b)  -> (artifact id: 'bd5c12e44d2414da0804368d4008cfdb') in 0.014381 seconds
  Import took 0.028471 seconds .

========================================================================
Received Import Request.
  Time since last request: 0.050326 seconds.
  path: Assets/Media/Icon_Final_Black.png
  artifactKey: Guid(28c870943eec51f41b7f8d55e1e191c2) Importer(815301076,1909f56bfc062723c751e8b465ee728b)
Start importing Assets/Media/Icon_Final_Black.png using Guid(28c870943eec51f41b7f8d55e1e191c2) Importer(815301076,1909f56bfc062723c751e8b465ee728b)  -> (artifact id: 'fb8fee2c3ea0e9d50784047ed15ec31b') in 0.651642 seconds
  Import took 0.662010 seconds .

========================================================================
Received Import Request.
  Time since last request: 0.000432 seconds.
  path: Assets/Media/Pagina-Get-Started.png
  artifactKey: Guid(02a0ce87f064eda4a9c4ac34f577f2be) Importer(815301076,1909f56bfc062723c751e8b465ee728b)
Start importing Assets/Media/Pagina-Get-Started.png using Guid(02a0ce87f064eda4a9c4ac34f577f2be) Importer(815301076,1909f56bfc062723c751e8b465ee728b)  -> (artifact id: '7246baf41a9c0ae4989cfc760ecf47fe') in 0.099774 seconds
  Import took 0.144444 seconds .

========================================================================
Received Import Request.
  Time since last request: 0.000368 seconds.
  path: Assets/Media/Pagina-Home.png
  artifactKey: Guid(a66f41d5794ad66429158da3405e4ddb) Importer(815301076,1909f56bfc062723c751e8b465ee728b)
Start importing Assets/Media/Pagina-Home.png using Guid(a66f41d5794ad66429158da3405e4ddb) Importer(815301076,1909f56bfc062723c751e8b465ee728b)  -> (artifact id: '34d8f26ab908215e2f2940c6a146facc') in 0.089562 seconds
  Import took 0.091735 seconds .

========================================================================
Received Import Request.
  Time since last request: 1.756057 seconds.
  path: Assets/Plugins
  artifactKey: Guid(246201273e0179a48a20a64b9acfa207) Importer(815301076,1909f56bfc062723c751e8b465ee728b)
Start importing Assets/Plugins using Guid(246201273e0179a48a20a64b9acfa207) Importer(815301076,1909f56bfc062723c751e8b465ee728b)  -> (artifact id: '046c85f144872d53ba05adf1b8e692b7') in 0.120856 seconds
  Import took 0.123204 seconds .

========================================================================
Received Import Request.
  Time since last request: 0.771521 seconds.
  path: Assets/Plugins/WebGL
  artifactKey: Guid(15b38e0b4a5ee7146876156f30f0448b) Importer(815301076,1909f56bfc062723c751e8b465ee728b)
Start importing Assets/Plugins/WebGL using Guid(15b38e0b4a5ee7146876156f30f0448b) Importer(815301076,1909f56bfc062723c751e8b465ee728b)  -> (artifact id: 'b2ed599d8c4f7b1a80a89df8a97b5c83') in 0.009542 seconds
  Import took 0.012188 seconds .

========================================================================
Received Import Request.
  Time since last request: 1.245229 seconds.
  path: Assets/Character
  artifactKey: Guid(904d137591396e345919b7ed39fd5edf) Importer(815301076,1909f56bfc062723c751e8b465ee728b)
Start importing Assets/Character using Guid(904d137591396e345919b7ed39fd5edf) Importer(815301076,1909f56bfc062723c751e8b465ee728b)  -> (artifact id: 'ed271f5a8ef7b17f487df6fe220522a7') in 0.009318 seconds
  Import took 0.012304 seconds .

========================================================================
Received Import Request.
  Time since last request: 0.065218 seconds.
  path: Assets/Character/Frank.fbx
  artifactKey: Guid(62fcc24294d27b04785b2fd296e7f470) Importer(815301076,1909f56bfc062723c751e8b465ee728b)
Start importing Assets/Character/Frank.fbx using Guid(62fcc24294d27b04785b2fd296e7f470) Importer(815301076,1909f56bfc062723c751e8b465ee728b)  -> (artifact id: '08fddcee63974cde0f702f5be6a7c593') in 1.802442 seconds
  Import took 1.826347 seconds .

========================================================================
Received Import Request.
  Time since last request: 0.000410 seconds.
  path: Assets/Character/Animations/Gestures/thankful.fbx
  artifactKey: Guid(66f22427314c9964ea67fcfbaddcc268) Importer(815301076,1909f56bfc062723c751e8b465ee728b)
Start importing Assets/Character/Animations/Gestures/thankful.fbx using Guid(66f22427314c9964ea67fcfbaddcc268) Importer(815301076,1909f56bfc062723c751e8b465ee728b)  -> (artifact id: '4843e823cca41129d8f30dba225460fa') in 0.086918 seconds
  Import took 0.089827 seconds .

========================================================================
Received Import Request.
  Time since last request: 0.000433 seconds.
  path: Assets/Character/Animations/gangnam_style.fbx
  artifactKey: Guid(f86bc490db0de354f811ced16c45ea03) Importer(815301076,1909f56bfc062723c751e8b465ee728b)
Start importing Assets/Character/Animations/gangnam_style.fbx using Guid(f86bc490db0de354f811ced16c45ea03) Importer(815301076,1909f56bfc062723c751e8b465ee728b)  -> (artifact id: 'e57e5f3e70ad8b0087b90072682940de') in 0.113510 seconds
  Import took 0.122207 seconds .

========================================================================
Received Import Request.
  Time since last request: 0.000360 seconds.
  path: Assets/Character/Animations/pointinghand.fbx
  artifactKey: Guid(5b806917d3ce8b34a80838f3babc2436) Importer(815301076,1909f56bfc062723c751e8b465ee728b)
Start importing Assets/Character/Animations/pointinghand.fbx using Guid(5b806917d3ce8b34a80838f3babc2436) Importer(815301076,1909f56bfc062723c751e8b465ee728b)  -> (artifact id: '0f6e697c0113f6ea990c347095674fc8') in 0.074537 seconds
  Import took 0.077426 seconds .

========================================================================
Received Import Request.
  Time since last request: 0.000432 seconds.
  path: Assets/Character/Animations/pointing.fbx
  artifactKey: Guid(021be786c2064fb4fb8502684e7cd18d) Importer(815301076,1909f56bfc062723c751e8b465ee728b)
Start importing Assets/Character/Animations/pointing.fbx using Guid(021be786c2064fb4fb8502684e7cd18d) Importer(815301076,1909f56bfc062723c751e8b465ee728b)  -> (artifact id: '557c1e237804150d660c657273ae7d63') in 0.088154 seconds
  Import took 0.164477 seconds .

========================================================================
Received Import Request.
  Time since last request: 0.000414 seconds.
  path: Assets/Character/Animations/seated_idle.fbx
  artifactKey: Guid(a70989bf1714b8f449596f4a8592420d) Importer(815301076,1909f56bfc062723c751e8b465ee728b)
Start importing Assets/Character/Animations/seated_idle.fbx using Guid(a70989bf1714b8f449596f4a8592420d) Importer(815301076,1909f56bfc062723c751e8b465ee728b)  -> (artifact id: '2e3576d4610dac3d66c4117010d8c3f7') in 0.063748 seconds
  Import took 0.066172 seconds .

========================================================================
Received Import Request.
  Time since last request: 0.000349 seconds.
  path: Assets/Character/Animations/standing_greeting.fbx
  artifactKey: Guid(9e33b7aadfa20544ab8728964e02f1d6) Importer(815301076,1909f56bfc062723c751e8b465ee728b)
Start importing Assets/Character/Animations/standing_greeting.fbx using Guid(9e33b7aadfa20544ab8728964e02f1d6) Importer(815301076,1909f56bfc062723c751e8b465ee728b)  -> (artifact id: '63efd9ee72d331f11eaa79ebf99133a0') in 0.088339 seconds
  Import took 0.090983 seconds .

========================================================================
Received Import Request.
  Time since last request: 0.000424 seconds.
  path: Assets/Character/Animations/Gestures/happy.fbx
  artifactKey: Guid(10d491ef7c2769a4bb4a4a33aa294d71) Importer(815301076,1909f56bfc062723c751e8b465ee728b)
Start importing Assets/Character/Animations/Gestures/happy.fbx using Guid(10d491ef7c2769a4bb4a4a33aa294d71) Importer(815301076,1909f56bfc062723c751e8b465ee728b)  -> (artifact id: '0227ba8df3003c05b86184bb1c00e8e2') in 0.087361 seconds
  Import took 0.102847 seconds .

========================================================================
Received Import Request.
  Time since last request: 0.000413 seconds.
  path: Assets/Character/Animations/Gestures/searching_pockets.fbx
  artifactKey: Guid(2dc7d3f1e18a6c841a670a044671a42d) Importer(815301076,1909f56bfc062723c751e8b465ee728b)
Start importing Assets/Character/Animations/Gestures/searching_pockets.fbx using Guid(2dc7d3f1e18a6c841a670a044671a42d) Importer(815301076,1909f56bfc062723c751e8b465ee728b)  -> (artifact id: '2d607a74025256b786e10fbfd95ddcfd') in 0.089000 seconds
  Import took 0.092585 seconds .

========================================================================
Received Import Request.
  Time since last request: 0.000433 seconds.
  path: Assets/Character/Animations/Standing_Idle/idlemale.fbx
  artifactKey: Guid(aed53bac74f534e45b5f3fbc0ef8430c) Importer(815301076,1909f56bfc062723c751e8b465ee728b)
Start importing Assets/Character/Animations/Standing_Idle/idlemale.fbx using Guid(aed53bac74f534e45b5f3fbc0ef8430c) Importer(815301076,1909f56bfc062723c751e8b465ee728b)  -> (artifact id: 'b169198456f97d87a9478a888de30aa4') in 0.086627 seconds
  Import took 0.089260 seconds .

========================================================================
Received Import Request.
  Time since last request: 0.000326 seconds.
  path: Assets/Character/Animations/Standing_Idle/idlenew.fbx
  artifactKey: Guid(33ce7d37e44f05149a324ae012b2d940) Importer(815301076,1909f56bfc062723c751e8b465ee728b)
Start importing Assets/Character/Animations/Standing_Idle/idlenew.fbx using Guid(33ce7d37e44f05149a324ae012b2d940) Importer(815301076,1909f56bfc062723c751e8b465ee728b)  -> (artifact id: 'e1f6d77f1f10954e2c1e0d8eb3df711f') in 0.065290 seconds
  Import took 0.107851 seconds .

========================================================================
Received Import Request.
  Time since last request: 0.000321 seconds.
  path: Assets/Character/Animations/Gestures/waving.fbx
  artifactKey: Guid(c302dba3097caf247b4a51f1a310bbff) Importer(815301076,1909f56bfc062723c751e8b465ee728b)
Start importing Assets/Character/Animations/Gestures/waving.fbx using Guid(c302dba3097caf247b4a51f1a310bbff) Importer(815301076,1909f56bfc062723c751e8b465ee728b)  -> (artifact id: '688db8f653b9dbd20abf55d7ba0577ca') in 0.080312 seconds
  Import took 0.112578 seconds .

========================================================================
Received Import Request.
  Time since last request: 0.000431 seconds.
  path: Assets/Character/Animations/Gestures/arm_gesture.fbx
  artifactKey: Guid(b2a5b896ebf44d947acdbecc779765f5) Importer(815301076,1909f56bfc062723c751e8b465ee728b)
Start importing Assets/Character/Animations/Gestures/arm_gesture.fbx using Guid(b2a5b896ebf44d947acdbecc779765f5) Importer(815301076,1909f56bfc062723c751e8b465ee728b)  -> (artifact id: '73baeaa62c539925b11ddca02836e05e') in 0.116426 seconds
  Import took 0.148930 seconds .

========================================================================
Received Import Request.
  Time since last request: 0.000372 seconds.
  path: Assets/Character/Animations/Gestures/dismissing_gesture.fbx
  artifactKey: Guid(c66391577b9ff7d4a9002fc4e0ccd7ef) Importer(815301076,1909f56bfc062723c751e8b465ee728b)
Start importing Assets/Character/Animations/Gestures/dismissing_gesture.fbx using Guid(c66391577b9ff7d4a9002fc4e0ccd7ef) Importer(815301076,1909f56bfc062723c751e8b465ee728b)  -> (artifact id: 'dea01fbd255e434f7538a594a12d807e') in 0.153782 seconds
  Import took 0.159031 seconds .

========================================================================
Received Import Request.
  Time since last request: 0.000342 seconds.
  path: Assets/Character/Animations/Standing_Idle/idles.fbx
  artifactKey: Guid(8e7cbe95d8cff35438c4ce62aa4992f2) Importer(815301076,1909f56bfc062723c751e8b465ee728b)
Start importing Assets/Character/Animations/Standing_Idle/idles.fbx using Guid(8e7cbe95d8cff35438c4ce62aa4992f2) Importer(815301076,1909f56bfc062723c751e8b465ee728b)  -> (artifact id: '18cfbbf21902ccbf0fc934b77a2a5a85') in 0.082705 seconds
  Import took 0.086584 seconds .

========================================================================
Received Import Request.
  Time since last request: 0.000341 seconds.
  path: Assets/Character/Animations
  artifactKey: Guid(486702000a46e234d8fa27d124a48923) Importer(815301076,1909f56bfc062723c751e8b465ee728b)
Start importing Assets/Character/Animations using Guid(486702000a46e234d8fa27d124a48923) Importer(815301076,1909f56bfc062723c751e8b465ee728b)  -> (artifact id: '19f2a732b347e9b63cee9a8e83c206a2') in 0.009176 seconds
  Import took 0.022054 seconds .

========================================================================
Received Import Request.
  Time since last request: 0.000356 seconds.
  path: Assets/Character/Animations/Standing_Idle
  artifactKey: Guid(7f4e2255f9328cb4cbd54f956a5d9d6c) Importer(815301076,1909f56bfc062723c751e8b465ee728b)
Start importing Assets/Character/Animations/Standing_Idle using Guid(7f4e2255f9328cb4cbd54f956a5d9d6c) Importer(815301076,1909f56bfc062723c751e8b465ee728b)  -> (artifact id: 'e0095687be1c5f62cee4d87f0beb090b') in 0.062809 seconds
  Import took 0.066911 seconds .

========================================================================
Received Import Request.
  Time since last request: 0.000313 seconds.
  path: Assets/Character/Animations/standing_using_touchscreen_tablet.fbx
  artifactKey: Guid(9a3c185a4b36e1545a7960bfafc02377) Importer(815301076,1909f56bfc062723c751e8b465ee728b)
Start importing Assets/Character/Animations/standing_using_touchscreen_tablet.fbx using Guid(9a3c185a4b36e1545a7960bfafc02377) Importer(815301076,1909f56bfc062723c751e8b465ee728b)  -> (artifact id: '9b718643e0f7afe673a9ed099f3d913d') in 0.153686 seconds
  Import took 0.183550 seconds .

========================================================================
Received Import Request.
  Time since last request: 0.000962 seconds.
  path: Assets/Character/Animations/Standing_Idle/DAZ_to_FBX_characterized_idle_nomocap.fbm
  artifactKey: Guid(c5c501f0f549f864a9f4a04fa3a7f607) Importer(815301076,1909f56bfc062723c751e8b465ee728b)
Start importing Assets/Character/Animations/Standing_Idle/DAZ_to_FBX_characterized_idle_nomocap.fbm using Guid(c5c501f0f549f864a9f4a04fa3a7f607) Importer(815301076,1909f56bfc062723c751e8b465ee728b)  -> (artifact id: '765d7fe1f9ffee87290ffa3ff774f2f9') in 0.010974 seconds
  Import took 0.014150 seconds .

========================================================================
Received Import Request.
  Time since last request: 0.000570 seconds.
  path: Assets/Character/Animations/sit_to_stand.fbx
  artifactKey: Guid(0aba06ebc8021c24ba22b06af9dbcae3) Importer(815301076,1909f56bfc062723c751e8b465ee728b)
Start importing Assets/Character/Animations/sit_to_stand.fbx using Guid(0aba06ebc8021c24ba22b06af9dbcae3) Importer(815301076,1909f56bfc062723c751e8b465ee728b)  -> (artifact id: '496ce14582b7bf6cf3b68984030bd3bd') in 0.155020 seconds
  Import took 0.159436 seconds .

========================================================================
Received Import Request.
  Time since last request: 0.000310 seconds.
  path: Assets/Character/Animations/Standing_Idle/DAZ_to_FBX_characterized_idle_nomocap.fbm/RyJeane_legs_1003.jpg
  artifactKey: Guid(8962f075aaf2a3d45be6f5404396ee52) Importer(815301076,1909f56bfc062723c751e8b465ee728b)
Start importing Assets/Character/Animations/Standing_Idle/DAZ_to_FBX_characterized_idle_nomocap.fbm/RyJeane_legs_1003.jpg using Guid(8962f075aaf2a3d45be6f5404396ee52) Importer(815301076,1909f56bfc062723c751e8b465ee728b)  -> (artifact id: '7031198b2f98cacb1766f6034bae4873') in 0.092502 seconds
  Import took 0.107794 seconds .

========================================================================
Received Import Request.
  Time since last request: 0.000428 seconds.
  path: Assets/Character/Animations/Standing_Idle/DAZ_to_FBX_characterized_idle_nomocap.fbm/SW_Toulouse_06B.tif
  artifactKey: Guid(25e56f9b8ba88b342b8863dcfe2f837a) Importer(815301076,1909f56bfc062723c751e8b465ee728b)
Start importing Assets/Character/Animations/Standing_Idle/DAZ_to_FBX_characterized_idle_nomocap.fbm/SW_Toulouse_06B.tif using Guid(25e56f9b8ba88b342b8863dcfe2f837a) Importer(815301076,1909f56bfc062723c751e8b465ee728b)  -> (artifact id: '96e768d1b39b17ce43e18cdc6ced1617') in 0.095476 seconds
  Import took 0.116732 seconds .

========================================================================
Received Import Request.
  Time since last request: 0.000430 seconds.
  path: Assets/Character/Animations/Standing_Idle/DAZ_to_FBX_characterized_idle_nomocap.fbm/RyJeane_lashes_1006.tif
  artifactKey: Guid(b7f16cf2e0b5d9449bc86562ebc82221) Importer(815301076,1909f56bfc062723c751e8b465ee728b)
Start importing Assets/Character/Animations/Standing_Idle/DAZ_to_FBX_characterized_idle_nomocap.fbm/RyJeane_lashes_1006.tif using Guid(b7f16cf2e0b5d9449bc86562ebc82221) Importer(815301076,1909f56bfc062723c751e8b465ee728b)  -> (artifact id: '55aef53ab487020ad6ce190e37a4013b') in 0.097212 seconds
  Import took 0.099656 seconds .

========================================================================
Received Import Request.
  Time since last request: 0.000452 seconds.
  path: Assets/Character/Animations/Standing_Idle/DAZ_to_FBX_characterized_idle_nomocap.fbm/bl3d_StreetCas_shoes_B_snake.jpg
  artifactKey: Guid(1cc865ff20f61e649b20a137f524708b) Importer(815301076,1909f56bfc062723c751e8b465ee728b)
Start importing Assets/Character/Animations/Standing_Idle/DAZ_to_FBX_characterized_idle_nomocap.fbm/bl3d_StreetCas_shoes_B_snake.jpg using Guid(1cc865ff20f61e649b20a137f524708b) Importer(815301076,1909f56bfc062723c751e8b465ee728b)  -> (artifact id: 'd75a12e6cc3226f2f891e3c3a7abe0ce') in 0.131461 seconds
  Import took 0.133974 seconds .

========================================================================
Received Import Request.
  Time since last request: 0.000548 seconds.
  path: Assets/Character/Animations/Standing_Idle/DAZ_to_FBX_characterized_idle_nomocap.fbm/bl3d_StreetCas_shoes_brown.jpg
  artifactKey: Guid(f34c7f89c2058d7489c58ca16471ec0d) Importer(815301076,1909f56bfc062723c751e8b465ee728b)
Start importing Assets/Character/Animations/Standing_Idle/DAZ_to_FBX_characterized_idle_nomocap.fbm/bl3d_StreetCas_shoes_brown.jpg using Guid(f34c7f89c2058d7489c58ca16471ec0d) Importer(815301076,1909f56bfc062723c751e8b465ee728b)  -> (artifact id: 'e21dbd629d741d82b4915fe32f02b001') in 0.110784 seconds
  Import took 0.113645 seconds .

========================================================================
Received Import Request.
  Time since last request: 0.000426 seconds.
  path: Assets/Character/Animations/Standing_Idle/DAZ_to_FBX_characterized_idle_nomocap.fbm/RyJeane_mouth_1005.jpg
  artifactKey: Guid(c107b196a4bc9754d849cc0c21118f55) Importer(815301076,1909f56bfc062723c751e8b465ee728b)
Start importing Assets/Character/Animations/Standing_Idle/DAZ_to_FBX_characterized_idle_nomocap.fbm/RyJeane_mouth_1005.jpg using Guid(c107b196a4bc9754d849cc0c21118f55) Importer(815301076,1909f56bfc062723c751e8b465ee728b)  -> (artifact id: 'b20dfc610f8a58dd02f56617105da0b8') in 0.107412 seconds
  Import took 0.110304 seconds .

========================================================================
Received Import Request.
  Time since last request: 0.000456 seconds.
  path: Assets/Character/Animations/Standing_Idle/DAZ_to_FBX_characterized_idle_nomocap.fbm/SW_Toulouse_06.tif
  artifactKey: Guid(28fb8af14c66c5542985e2a0d120b6ad) Importer(815301076,1909f56bfc062723c751e8b465ee728b)
Start importing Assets/Character/Animations/Standing_Idle/DAZ_to_FBX_characterized_idle_nomocap.fbm/SW_Toulouse_06.tif using Guid(28fb8af14c66c5542985e2a0d120b6ad) Importer(815301076,1909f56bfc062723c751e8b465ee728b)  -> (artifact id: '239610cf74ac3c21d41c560fd53388ef') in 0.075139 seconds
  Import took 0.118121 seconds .

========================================================================
Received Import Request.
  Time since last request: 0.000370 seconds.
  path: Assets/Character/Animations/Standing_Idle/DAZ_to_FBX_characterized_idle_nomocap.fbm/RyJeane_face_1001.jpg
  artifactKey: Guid(931f89b8b2e89e34e8eef81b3fd77909) Importer(815301076,1909f56bfc062723c751e8b465ee728b)
Start importing Assets/Character/Animations/Standing_Idle/DAZ_to_FBX_characterized_idle_nomocap.fbm/RyJeane_face_1001.jpg using Guid(931f89b8b2e89e34e8eef81b3fd77909) Importer(815301076,1909f56bfc062723c751e8b465ee728b)  -> (artifact id: 'ffdc1966d88edefb41eca59c20de231a') in 0.082861 seconds
  Import took 0.087002 seconds .

========================================================================
Received Import Request.
  Time since last request: 0.000536 seconds.
  path: Assets/Character/Animations/Standing_Idle/DAZ_to_FBX_characterized_idle_nomocap.fbm/bl3d_StreetCas_shoes_B_brown.jpg
  artifactKey: Guid(79fb4d5337372d64d9885f221e397fec) Importer(815301076,1909f56bfc062723c751e8b465ee728b)
Start importing Assets/Character/Animations/Standing_Idle/DAZ_to_FBX_characterized_idle_nomocap.fbm/bl3d_StreetCas_shoes_B_brown.jpg using Guid(79fb4d5337372d64d9885f221e397fec) Importer(815301076,1909f56bfc062723c751e8b465ee728b)  -> (artifact id: '77c76403dba9be52b518210b5e341e5f') in 0.118124 seconds
  Import took 0.161837 seconds .

========================================================================
Received Import Request.
  Time since last request: 0.000540 seconds.
  path: Assets/Character/Animations/Standing_Idle/DAZ_to_FBX_characterized_idle_nomocap.fbm/bl3d_StreetCas_jeans_bumpDark.jpg
  artifactKey: Guid(c12de02b10809fb458635a8095db2521) Importer(815301076,1909f56bfc062723c751e8b465ee728b)
Start importing Assets/Character/Animations/Standing_Idle/DAZ_to_FBX_characterized_idle_nomocap.fbm/bl3d_StreetCas_jeans_bumpDark.jpg using Guid(c12de02b10809fb458635a8095db2521) Importer(815301076,1909f56bfc062723c751e8b465ee728b)  -> (artifact id: '01970b21d88880604e2cc939a69a62fc') in 0.096697 seconds
  Import took 0.099585 seconds .

========================================================================
Received Import Request.
  Time since last request: 0.000370 seconds.
  path: Assets/Character/Animations/Standing_Idle/DAZ_to_FBX_characterized_idle_nomocap.fbm/RyJeane_arms_1004.jpg
  artifactKey: Guid(025d12c8c341af94d9726b06f168d4d7) Importer(815301076,1909f56bfc062723c751e8b465ee728b)
Start importing Assets/Character/Animations/Standing_Idle/DAZ_to_FBX_characterized_idle_nomocap.fbm/RyJeane_arms_1004.jpg using Guid(025d12c8c341af94d9726b06f168d4d7) Importer(815301076,1909f56bfc062723c751e8b465ee728b)  -> (artifact id: '7e360cf570da48cb441f01fc73e8779e') in 0.103618 seconds
  Import took 0.148335 seconds .

========================================================================
Received Import Request.
  Time since last request: 0.000377 seconds.
  path: Assets/Character/Animations/Standing_Idle/Materials/bl3d_StreetCas_shoes_brown.mat
  artifactKey: Guid(d94db836978c93245a1f67e9d3c47aa3) Importer(815301076,1909f56bfc062723c751e8b465ee728b)
Start importing Assets/Character/Animations/Standing_Idle/Materials/bl3d_StreetCas_shoes_brown.mat using Guid(d94db836978c93245a1f67e9d3c47aa3) Importer(815301076,1909f56bfc062723c751e8b465ee728b)  -> (artifact id: '0e4b7b76513aeaae9bd1baaa51978e37') in 0.117097 seconds
  Import took 0.119683 seconds .

========================================================================
Received Import Request.
  Time since last request: 0.000442 seconds.
  path: Assets/Character/Animations/Standing_Idle/Materials/SW_Toulouse_06.mat
  artifactKey: Guid(ef7d7c74c8c9ec943b6184c23fc1fb7f) Importer(815301076,1909f56bfc062723c751e8b465ee728b)
Start importing Assets/Character/Animations/Standing_Idle/Materials/SW_Toulouse_06.mat using Guid(ef7d7c74c8c9ec943b6184c23fc1fb7f) Importer(815301076,1909f56bfc062723c751e8b465ee728b)  -> (artifact id: '3629a968765008e486c00d3183943749') in 0.031121 seconds
  Import took 0.034789 seconds .

========================================================================
Received Import Request.
  Time since last request: 0.000458 seconds.
  path: Assets/Character/Animations/Standing_Idle/Materials/BeltBuckle.mat
  artifactKey: Guid(be89e9d5ee96f234b8940eb1f59d2630) Importer(815301076,1909f56bfc062723c751e8b465ee728b)
Start importing Assets/Character/Animations/Standing_Idle/Materials/BeltBuckle.mat using Guid(be89e9d5ee96f234b8940eb1f59d2630) Importer(815301076,1909f56bfc062723c751e8b465ee728b)  -> (artifact id: 'c8e0d9e9d1c63934ebef05f3ab28482c') in 0.027481 seconds
  Import took 0.030695 seconds .

========================================================================
Received Import Request.
  Time since last request: 0.000810 seconds.
  path: Assets/Character/Animations/Standing_Idle/Materials/bl3d_StreetCas_shoes_snake.mat
  artifactKey: Guid(0c869b55e83b58a48895000263328ccb) Importer(815301076,1909f56bfc062723c751e8b465ee728b)
Start importing Assets/Character/Animations/Standing_Idle/Materials/bl3d_StreetCas_shoes_snake.mat using Guid(0c869b55e83b58a48895000263328ccb) Importer(815301076,1909f56bfc062723c751e8b465ee728b)  -> (artifact id: 'a09312be8f276acbfc46b84ba8a88279') in 0.095660 seconds
  Import took 0.098888 seconds .

========================================================================
Received Import Request.
  Time since last request: 0.000405 seconds.
  path: Assets/Character/Animations/Standing_Idle/Materials/Zips.mat
  artifactKey: Guid(97032cb3803f1c642910aa99b6a25959) Importer(815301076,1909f56bfc062723c751e8b465ee728b)
Start importing Assets/Character/Animations/Standing_Idle/Materials/Zips.mat using Guid(97032cb3803f1c642910aa99b6a25959) Importer(815301076,1909f56bfc062723c751e8b465ee728b)  -> (artifact id: 'a740f94587ab87c7f48b93cedc4f0479') in 0.041252 seconds
  Import took 0.044368 seconds .

========================================================================
Received Import Request.
  Time since last request: 0.000639 seconds.
  path: Assets/Character/Animations/Standing_Idle/Materials/bl3d_StreetCas_jeans_bluedark.mat
  artifactKey: Guid(0f940aa33ab6c424289cd0f7c14c5867) Importer(815301076,1909f56bfc062723c751e8b465ee728b)
Start importing Assets/Character/Animations/Standing_Idle/Materials/bl3d_StreetCas_jeans_bluedark.mat using Guid(0f940aa33ab6c424289cd0f7c14c5867) Importer(815301076,1909f56bfc062723c751e8b465ee728b)  -> (artifact id: 'c580de174be57fdc6a042e7db146d998') in 0.115217 seconds
  Import took 0.166894 seconds .

========================================================================
Received Import Request.
  Time since last request: 0.000384 seconds.
  path: Assets/Character/Animations/Standing_Idle/Materials/RyJeane_mouth_1005.mat
  artifactKey: Guid(c8a6966d0c5748e4c89beaf2459f2360) Importer(815301076,1909f56bfc062723c751e8b465ee728b)
Start importing Assets/Character/Animations/Standing_Idle/Materials/RyJeane_mouth_1005.mat using Guid(c8a6966d0c5748e4c89beaf2459f2360) Importer(815301076,1909f56bfc062723c751e8b465ee728b)  -> (artifact id: 'cbd324acaf0b446186d3be0b08f1cc85') in 0.032712 seconds
  Import took 0.035993 seconds .

========================================================================
Received Import Request.
  Time since last request: 0.000376 seconds.
  path: Assets/Character/Animations/Standing_Idle/Materials/RyJeane_torso_1002.mat
  artifactKey: Guid(44f6b7e887fbe3947bcd722bb71cb2c3) Importer(815301076,1909f56bfc062723c751e8b465ee728b)
Start importing Assets/Character/Animations/Standing_Idle/Materials/RyJeane_torso_1002.mat using Guid(44f6b7e887fbe3947bcd722bb71cb2c3) Importer(815301076,1909f56bfc062723c751e8b465ee728b)  -> (artifact id: '1e8703a6a2cc866be3512c475d5c7a69') in 0.104127 seconds
  Import took 0.149198 seconds .

========================================================================
Received Import Request.
  Time since last request: 0.000389 seconds.
  path: Assets/Character/Animations/Standing_Idle/Materials/SW_Toulouse_06B.mat
  artifactKey: Guid(e26ad707c9c4b324cb6eae6d8db10802) Importer(815301076,1909f56bfc062723c751e8b465ee728b)
Start importing Assets/Character/Animations/Standing_Idle/Materials/SW_Toulouse_06B.mat using Guid(e26ad707c9c4b324cb6eae6d8db10802) Importer(815301076,1909f56bfc062723c751e8b465ee728b)  -> (artifact id: 'e9bc3a873790d47e46bdb8a4a88289ff') in 0.028499 seconds
  Import took 0.032444 seconds .

========================================================================
Received Import Request.
  Time since last request: 0.000541 seconds.
  path: Assets/Character/Animations/Standing_Idle/Materials/RyJeane_faceMU01_1001.mat
  artifactKey: Guid(40dbdbdd945f48b48936e5ba7a9595c2) Importer(815301076,1909f56bfc062723c751e8b465ee728b)
Start importing Assets/Character/Animations/Standing_Idle/Materials/RyJeane_faceMU01_1001.mat using Guid(40dbdbdd945f48b48936e5ba7a9595c2) Importer(815301076,1909f56bfc062723c751e8b465ee728b)  -> (artifact id: 'f53d5bd627b852212c903239199b6e85') in 0.107323 seconds
  Import took 0.146799 seconds .

========================================================================
Received Import Request.
  Time since last request: 0.000569 seconds.
  path: Assets/Character/Animations/Standing_Idle/Materials/RyJeane_arms_1004.mat
  artifactKey: Guid(ccc1307b85f6ed449a7faf137984d37a) Importer(815301076,1909f56bfc062723c751e8b465ee728b)
Start importing Assets/Character/Animations/Standing_Idle/Materials/RyJeane_arms_1004.mat using Guid(ccc1307b85f6ed449a7faf137984d37a) Importer(815301076,1909f56bfc062723c751e8b465ee728b)  -> (artifact id: '5bec63f8a24eec567f0a5d790c6c8bdc') in 0.076633 seconds
  Import took 0.149575 seconds .

========================================================================
Received Import Request.
  Time since last request: 0.000486 seconds.
  path: Assets/Character/Animations/Standing_Idle/DAZ_to_FBX_characterized_idle_nomocap.fbm/RyJeane_eyerefl01_1008.tif
  artifactKey: Guid(8d1be6a9b1fada042803f2c34eff3af6) Importer(815301076,1909f56bfc062723c751e8b465ee728b)
Start importing Assets/Character/Animations/Standing_Idle/DAZ_to_FBX_characterized_idle_nomocap.fbm/RyJeane_eyerefl01_1008.tif using Guid(8d1be6a9b1fada042803f2c34eff3af6) Importer(815301076,1909f56bfc062723c751e8b465ee728b)  -> (artifact id: '2545876bddf02e881d9b117b6fd3b7ae') in 0.112525 seconds
  Import took 0.126009 seconds .

========================================================================
Received Import Request.
  Time since last request: 0.000384 seconds.
  path: Assets/Character/Animations/Standing_Idle/Materials/RyJeane_eyerefl01_1008.mat
  artifactKey: Guid(3f28d63edb53a31408e3fd371af19582) Importer(815301076,1909f56bfc062723c751e8b465ee728b)
Start importing Assets/Character/Animations/Standing_Idle/Materials/RyJeane_eyerefl01_1008.mat using Guid(3f28d63edb53a31408e3fd371af19582) Importer(815301076,1909f56bfc062723c751e8b465ee728b)  -> (artifact id: '3d6dc935a371b64396bd64c340bd3894') in 0.048571 seconds
  Import took 0.084799 seconds .

========================================================================
Received Import Request.
  Time since last request: 0.000358 seconds.
  path: Assets/Character/Animations/Standing_Idle/Materials/RyJeane_lashes_1006.mat
  artifactKey: Guid(4ea3aed517c75964ab6a544efda51217) Importer(815301076,1909f56bfc062723c751e8b465ee728b)
Start importing Assets/Character/Animations/Standing_Idle/Materials/RyJeane_lashes_1006.mat using Guid(4ea3aed517c75964ab6a544efda51217) Importer(815301076,1909f56bfc062723c751e8b465ee728b)  -> (artifact id: 'b27eb93742fd431083dbc773d7c5b0ad') in 0.040057 seconds
  Import took 0.044035 seconds .

========================================================================
Received Import Request.
  Time since last request: 0.000553 seconds.
  path: Assets/Character/Animations/Standing_Idle/Materials/Cornea.mat
  artifactKey: Guid(120946bcd5c81014faa4ec895ac6366d) Importer(815301076,1909f56bfc062723c751e8b465ee728b)
Start importing Assets/Character/Animations/Standing_Idle/Materials/Cornea.mat using Guid(120946bcd5c81014faa4ec895ac6366d) Importer(815301076,1909f56bfc062723c751e8b465ee728b)  -> (artifact id: '4b096305c08e63c0368fd16209e93563') in 0.033911 seconds
  Import took 0.068231 seconds .

========================================================================
Received Import Request.
  Time since last request: 0.000339 seconds.
  path: Assets/Character/Animations/Standing_Idle/Materials/RyJeane_face_1001.mat
  artifactKey: Guid(e20d4f0376d68c94db433cf0ac0a2dc9) Importer(815301076,1909f56bfc062723c751e8b465ee728b)
Start importing Assets/Character/Animations/Standing_Idle/Materials/RyJeane_face_1001.mat using Guid(e20d4f0376d68c94db433cf0ac0a2dc9) Importer(815301076,1909f56bfc062723c751e8b465ee728b)  -> (artifact id: '175374db3c38fa4275605f4da5f427cd') in 0.031299 seconds
  Import took 0.056286 seconds .

========================================================================
Received Import Request.
  Time since last request: 0.000301 seconds.
  path: Assets/Character/Animations/Standing_Idle/DAZ_to_FBX_characterized_idle_nomocap.fbm/RyJeane_faceMU01_1001.jpg
  artifactKey: Guid(71df0f3b0f4f6ea41a44cac7a672dcd5) Importer(815301076,1909f56bfc062723c751e8b465ee728b)
Start importing Assets/Character/Animations/Standing_Idle/DAZ_to_FBX_characterized_idle_nomocap.fbm/RyJeane_faceMU01_1001.jpg using Guid(71df0f3b0f4f6ea41a44cac7a672dcd5) Importer(815301076,1909f56bfc062723c751e8b465ee728b)  -> (artifact id: '02052104214c4ffea0331230c896ed97') in 0.017243 seconds
  Import took 0.020499 seconds .

========================================================================
Received Import Request.
  Time since last request: 0.000364 seconds.
  path: Assets/Character/Animations/Standing_Idle/DAZ_to_FBX_characterized_idle_nomocap.fbm/RyJeane_torso_1002.jpg
  artifactKey: Guid(ddb65cbf2cb1bfc47b5494f2f5559047) Importer(815301076,1909f56bfc062723c751e8b465ee728b)
Start importing Assets/Character/Animations/Standing_Idle/DAZ_to_FBX_characterized_idle_nomocap.fbm/RyJeane_torso_1002.jpg using Guid(ddb65cbf2cb1bfc47b5494f2f5559047) Importer(815301076,1909f56bfc062723c751e8b465ee728b)  -> (artifact id: 'f7785035d1945442ffc650bfc5d066b2') in 0.017512 seconds
  Import took 0.052191 seconds .

========================================================================
Received Import Request.
  Time since last request: 0.000352 seconds.
  path: Assets/Character/Animations/Standing_Idle/DAZ_to_FBX_characterized_idle_nomocap.fbm/ParrotD_refl.jpg
  artifactKey: Guid(568d46510fa9bb241be4183148b9294f) Importer(815301076,1909f56bfc062723c751e8b465ee728b)
Start importing Assets/Character/Animations/Standing_Idle/DAZ_to_FBX_characterized_idle_nomocap.fbm/ParrotD_refl.jpg using Guid(568d46510fa9bb241be4183148b9294f) Importer(815301076,1909f56bfc062723c751e8b465ee728b)  -> (artifact id: 'f82b2122b6908729140b023f95c93e9a') in 0.058459 seconds
  Import took 0.062637 seconds .

========================================================================
Received Import Request.
  Time since last request: 0.000353 seconds.
  path: Assets/Character/Animations/Standing_Idle/Materials/RyJeane_eyes03_1007.mat
  artifactKey: Guid(474ac7d09b5ac3d4ebc425a8c94ff8c1) Importer(815301076,1909f56bfc062723c751e8b465ee728b)
Start importing Assets/Character/Animations/Standing_Idle/Materials/RyJeane_eyes03_1007.mat using Guid(474ac7d09b5ac3d4ebc425a8c94ff8c1) Importer(815301076,1909f56bfc062723c751e8b465ee728b)  -> (artifact id: '5464732a726e6d0a27f329c85f8866b4') in 0.110602 seconds
  Import took 0.119799 seconds .

========================================================================
Received Import Request.
  Time since last request: 0.000385 seconds.
  path: Assets/Character/Animations/Standing_Idle/DAZ_to_FBX_characterized_idle_nomocap.fbm/bl3d_StreetCas_shoes_snake.jpg
  artifactKey: Guid(09f30b10f461bb84dbe737c1422c0a09) Importer(815301076,1909f56bfc062723c751e8b465ee728b)
Start importing Assets/Character/Animations/Standing_Idle/DAZ_to_FBX_characterized_idle_nomocap.fbm/bl3d_StreetCas_shoes_snake.jpg using Guid(09f30b10f461bb84dbe737c1422c0a09) Importer(815301076,1909f56bfc062723c751e8b465ee728b)  -> (artifact id: '170ba1046c1df526f1caeed43fe96317') in 0.017793 seconds
  Import took 0.021666 seconds .

========================================================================
Received Import Request.
  Time since last request: 0.000444 seconds.
  path: Assets/Character/Animations/Standing_Idle/Materials/UShirt_COL1.mat
  artifactKey: Guid(86a975ca861961f42b75c3b2274c26ba) Importer(815301076,1909f56bfc062723c751e8b465ee728b)
Start importing Assets/Character/Animations/Standing_Idle/Materials/UShirt_COL1.mat using Guid(86a975ca861961f42b75c3b2274c26ba) Importer(815301076,1909f56bfc062723c751e8b465ee728b)  -> (artifact id: '87737960979c10fb0328326c2afc781a') in 0.059380 seconds
  Import took 0.062652 seconds .

========================================================================
Received Import Request.
  Time since last request: 0.000526 seconds.
  path: Assets/Character/Animations/Standing_Idle/DAZ_to_FBX_characterized_idle_nomocap.fbm/bl3d_StreetCas_jeans_bluedark.jpg
  artifactKey: Guid(441434d483abb294bbcb45614e476dc6) Importer(815301076,1909f56bfc062723c751e8b465ee728b)
Start importing Assets/Character/Animations/Standing_Idle/DAZ_to_FBX_characterized_idle_nomocap.fbm/bl3d_StreetCas_jeans_bluedark.jpg using Guid(441434d483abb294bbcb45614e476dc6) Importer(815301076,1909f56bfc062723c751e8b465ee728b)  -> (artifact id: '1937b6af9fe6446a6fd8003a300910c2') in 0.020335 seconds
  Import took 0.024150 seconds .

========================================================================
Received Import Request.
  Time since last request: 0.000377 seconds.
  path: Assets/Character/Animations/Standing_Idle/DAZ_to_FBX_characterized_idle_nomocap.fbm/RyJeane_eyes03_1007.jpg
  artifactKey: Guid(ae09e7d95ed32ec4a880bb18d3b7a996) Importer(815301076,1909f56bfc062723c751e8b465ee728b)
Start importing Assets/Character/Animations/Standing_Idle/DAZ_to_FBX_characterized_idle_nomocap.fbm/RyJeane_eyes03_1007.jpg using Guid(ae09e7d95ed32ec4a880bb18d3b7a996) Importer(815301076,1909f56bfc062723c751e8b465ee728b)  -> (artifact id: 'efcd3458b9b2803913ea4f5c03aed3ed') in 0.022098 seconds
  Import took 0.026662 seconds .

========================================================================
Received Import Request.
  Time since last request: 0.000383 seconds.
  path: Assets/Character/Animations/Standing_Idle/idle.fbx
  artifactKey: Guid(9c10be51d8437de4b99715d97b3ab53c) Importer(815301076,1909f56bfc062723c751e8b465ee728b)
Start importing Assets/Character/Animations/Standing_Idle/idle.fbx using Guid(9c10be51d8437de4b99715d97b3ab53c) Importer(815301076,1909f56bfc062723c751e8b465ee728b)  -> (artifact id: 'e810c5df95cd17d14b610ed65d9007ff') in 0.087448 seconds
  Import took 0.092778 seconds .

========================================================================
Received Import Request.
  Time since last request: 0.000374 seconds.
  path: Assets/Character/Animations/sitting_idle.fbx
  artifactKey: Guid(a2106022c77b55245a0233320a3c0c45) Importer(815301076,1909f56bfc062723c751e8b465ee728b)
Start importing Assets/Character/Animations/sitting_idle.fbx using Guid(a2106022c77b55245a0233320a3c0c45) Importer(815301076,1909f56bfc062723c751e8b465ee728b)  -> (artifact id: 'bdf9391fc314e86f2653198d119c816a') in 0.093438 seconds
  Import took 0.097325 seconds .

========================================================================
Received Import Request.
  Time since last request: 0.000369 seconds.
  path: Assets/Character/Animations/Gestures
  artifactKey: Guid(81518acd2b3a8e34fb39f8b1d21aa977) Importer(815301076,1909f56bfc062723c751e8b465ee728b)
Start importing Assets/Character/Animations/Gestures using Guid(81518acd2b3a8e34fb39f8b1d21aa977) Importer(815301076,1909f56bfc062723c751e8b465ee728b)  -> (artifact id: '6551b9537f8034ae84de116a0b9ba67f') in 0.009164 seconds
  Import took 0.076698 seconds .

========================================================================
Received Import Request.
  Time since last request: 0.000455 seconds.
  path: Assets/Character/Animations/Gestures/quick_formal_bow.fbx
  artifactKey: Guid(b215e3a6be3e00745bac284d29938add) Importer(815301076,1909f56bfc062723c751e8b465ee728b)
Start importing Assets/Character/Animations/Gestures/quick_formal_bow.fbx using Guid(b215e3a6be3e00745bac284d29938add) Importer(815301076,1909f56bfc062723c751e8b465ee728b)  -> (artifact id: '5e27e497897869a2bf844621db1a44a3') in 0.099823 seconds
  Import took 0.104184 seconds .

========================================================================
Received Import Request.
  Time since last request: 0.000496 seconds.
  path: Assets/Character/Animations/Gestures/drinking.fbx
  artifactKey: Guid(dab47de2d54c5a04ca9802c70184dda4) Importer(815301076,1909f56bfc062723c751e8b465ee728b)
Start importing Assets/Character/Animations/Gestures/drinking.fbx using Guid(dab47de2d54c5a04ca9802c70184dda4) Importer(815301076,1909f56bfc062723c751e8b465ee728b)  -> (artifact id: '010e0abba403bdc9500e7c9445610192') in 0.106924 seconds
  Import took 0.110486 seconds .

========================================================================
Received Import Request.
  Time since last request: 0.000344 seconds.
  path: Assets/Character/Animations/Standing_Idle/DAZ_to_FBX_characterized_idle_nomocap.fbm/UShirt_COL1.jpg
  artifactKey: Guid(614330073c5a7ea4cb34da9decb18c6f) Importer(815301076,1909f56bfc062723c751e8b465ee728b)
Start importing Assets/Character/Animations/Standing_Idle/DAZ_to_FBX_characterized_idle_nomocap.fbm/UShirt_COL1.jpg using Guid(614330073c5a7ea4cb34da9decb18c6f) Importer(815301076,1909f56bfc062723c751e8b465ee728b)  -> (artifact id: 'b3ca5f2c48be40756ec3b1cc2cefc68e') in 0.015915 seconds
  Import took 0.019436 seconds .

========================================================================
Received Import Request.
  Time since last request: 0.000389 seconds.
  path: Assets/Character/Animations/Standing_Idle/Materials
  artifactKey: Guid(325cdd2e2d4389d48be161dc708c7651) Importer(815301076,1909f56bfc062723c751e8b465ee728b)
Start importing Assets/Character/Animations/Standing_Idle/Materials using Guid(325cdd2e2d4389d48be161dc708c7651) Importer(815301076,1909f56bfc062723c751e8b465ee728b)  -> (artifact id: 'c8c47ea9323969a237ae5e7aefdc4f39') in 0.010815 seconds
  Import took 0.014389 seconds .

========================================================================
Received Import Request.
  Time since last request: 3.133741 seconds.
  path: Assets/Character/Frank.fbm
  artifactKey: Guid(8eddd5e1283923946843ae38d359dd3a) Importer(815301076,1909f56bfc062723c751e8b465ee728b)
Start importing Assets/Character/Frank.fbm using Guid(8eddd5e1283923946843ae38d359dd3a) Importer(815301076,1909f56bfc062723c751e8b465ee728b)  -> (artifact id: 'cd0b27b55e312cc6dadd2da41b8f40f0') in 0.012970 seconds
  Import took 0.016816 seconds .

========================================================================
Received Import Request.
  Time since last request: 3.918399 seconds.
  path: Assets/Character/Frank.fbm/ryeddie_arms_1004.jpg
  artifactKey: Guid(1c943be124c74bf4e92f497a350e8cc0) Importer(815301076,1909f56bfc062723c751e8b465ee728b)
Start importing Assets/Character/Frank.fbm/ryeddie_arms_1004.jpg using Guid(1c943be124c74bf4e92f497a350e8cc0) Importer(815301076,1909f56bfc062723c751e8b465ee728b)  -> (artifact id: 'eca92ea1d21a47022c8c8722508d147c') in 0.015989 seconds
  Import took 0.018174 seconds .

========================================================================
Received Import Request.
  Time since last request: 0.000431 seconds.
  path: Assets/Character/Frank.fbm/snewportpants01b.jpg
  artifactKey: Guid(b2923f9f506347744836c6a71c8b726c) Importer(815301076,1909f56bfc062723c751e8b465ee728b)
Start importing Assets/Character/Frank.fbm/snewportpants01b.jpg using Guid(b2923f9f506347744836c6a71c8b726c) Importer(815301076,1909f56bfc062723c751e8b465ee728b)  -> (artifact id: 'a5ee77eee3f4172e8389b9462bf888fa') in 0.200429 seconds
  Import took 0.203157 seconds .

========================================================================
Received Import Request.
  Time since last request: 0.000412 seconds.
  path: Assets/Character/Frank.fbm/snewportshirts.jpg
  artifactKey: Guid(ccdb46c7ab220aa47aad92a3cac3ba6a) Importer(815301076,1909f56bfc062723c751e8b465ee728b)
Start importing Assets/Character/Frank.fbm/snewportshirts.jpg using Guid(ccdb46c7ab220aa47aad92a3cac3ba6a) Importer(815301076,1909f56bfc062723c751e8b465ee728b)  -> (artifact id: 'b39390f97b12205759d784c2403d7e71') in 0.534708 seconds
  Import took 0.537002 seconds .

========================================================================
Received Import Request.
  Time since last request: 0.000393 seconds.
  path: Assets/Character/Frank.fbm/ssushirt05b.jpg
  artifactKey: Guid(93e007a3dd71ee24db39ffef516a07b4) Importer(815301076,1909f56bfc062723c751e8b465ee728b)
Start importing Assets/Character/Frank.fbm/ssushirt05b.jpg using Guid(93e007a3dd71ee24db39ffef516a07b4) Importer(815301076,1909f56bfc062723c751e8b465ee728b)  -> (artifact id: '176dbe92affcd79df7618241cbc706e6') in 0.179324 seconds
  Import took 0.181151 seconds .

========================================================================
Received Import Request.
  Time since last request: 0.000361 seconds.
  path: Assets/Character/Frank.fbm/ryeddie_legs_1003.jpg
  artifactKey: Guid(a23e46668a2aaa143b2d2298d9259b47) Importer(815301076,1909f56bfc062723c751e8b465ee728b)
Start importing Assets/Character/Frank.fbm/ryeddie_legs_1003.jpg using Guid(a23e46668a2aaa143b2d2298d9259b47) Importer(815301076,1909f56bfc062723c751e8b465ee728b)  -> (artifact id: '9506daf6dd5ff4eb30ea89edae0faa65') in 0.014668 seconds
  Import took 0.016523 seconds .

========================================================================
Received Import Request.
  Time since last request: 0.000408 seconds.
  path: Assets/Character/Frank.fbm/snewportpants01s.jpg
  artifactKey: Guid(fb2611f097fcc9b479ad81148e206f2c) Importer(815301076,1909f56bfc062723c751e8b465ee728b)
Start importing Assets/Character/Frank.fbm/snewportpants01s.jpg using Guid(fb2611f097fcc9b479ad81148e206f2c) Importer(815301076,1909f56bfc062723c751e8b465ee728b)  -> (artifact id: '612583005d3d942ef918abed9c9d53f3') in 0.077910 seconds
  Import took 0.084284 seconds .

========================================================================
Received Import Request.
  Time since last request: 0.000316 seconds.
  path: Assets/Character/Frank.fbm/ryeddie_face_1001.jpg
  artifactKey: Guid(a2ca0f345de873140ad81b299bf36ca8) Importer(815301076,1909f56bfc062723c751e8b465ee728b)
Start importing Assets/Character/Frank.fbm/ryeddie_face_1001.jpg using Guid(a2ca0f345de873140ad81b299bf36ca8) Importer(815301076,1909f56bfc062723c751e8b465ee728b)  -> (artifact id: '1935f15174233c71d027dd783bb0cba6') in 0.015715 seconds
  Import took 0.017961 seconds .

========================================================================
Received Import Request.
  Time since last request: 0.000458 seconds.
  path: Assets/Character/Frank.fbm/ryeddie_eyerefl01_1008.tif
  artifactKey: Guid(fb6577e3b683e084d9ba1a8455e1cfff) Importer(815301076,1909f56bfc062723c751e8b465ee728b)
Start importing Assets/Character/Frank.fbm/ryeddie_eyerefl01_1008.tif using Guid(fb6577e3b683e084d9ba1a8455e1cfff) Importer(815301076,1909f56bfc062723c751e8b465ee728b)  -> (artifact id: '3d5285c85cca3fa385206fe4de8808e6') in 0.017061 seconds
  Import took 0.019363 seconds .

========================================================================
Received Import Request.
  Time since last request: 0.000416 seconds.
  path: Assets/Character/Frank.fbm/ssushirt05.jpg
  artifactKey: Guid(be350dd50a8e9d743afb53183016f276) Importer(815301076,1909f56bfc062723c751e8b465ee728b)
Start importing Assets/Character/Frank.fbm/ssushirt05.jpg using Guid(be350dd50a8e9d743afb53183016f276) Importer(815301076,1909f56bfc062723c751e8b465ee728b)  -> (artifact id: 'cdd51239b68f241504d669b21a2ac191') in 0.016484 seconds
  Import took 0.030759 seconds .

========================================================================
Received Import Request.
  Time since last request: 0.000434 seconds.
  path: Assets/Character/Frank.fbm/ryeddie_torso_1002.jpg
  artifactKey: Guid(5b8fb279c14005d45a41763448e9385f) Importer(815301076,1909f56bfc062723c751e8b465ee728b)
Start importing Assets/Character/Frank.fbm/ryeddie_torso_1002.jpg using Guid(5b8fb279c14005d45a41763448e9385f) Importer(815301076,1909f56bfc062723c751e8b465ee728b)  -> (artifact id: 'd11532211cd6c85e0cf4a0585336fbb4') in 0.017368 seconds
  Import took 0.020507 seconds .

========================================================================
Received Import Request.
  Time since last request: 0.000474 seconds.
  path: Assets/Character/Frank.fbm/snewportshoes01.jpg
  artifactKey: Guid(4846cc8b07656ab44aa5fc337a5e141b) Importer(815301076,1909f56bfc062723c751e8b465ee728b)
Start importing Assets/Character/Frank.fbm/snewportshoes01.jpg using Guid(4846cc8b07656ab44aa5fc337a5e141b) Importer(815301076,1909f56bfc062723c751e8b465ee728b)  -> (artifact id: '5bb9e0da2fc515e338bbd3ebc8565f0b') in 0.020579 seconds
  Import took 0.023994 seconds .

========================================================================
Received Import Request.
  Time since last request: 0.000366 seconds.
  path: Assets/Character/Frank.fbm/sref3.jpg
  artifactKey: Guid(77304c013cc9dea408eef7da9c7b7152) Importer(815301076,1909f56bfc062723c751e8b465ee728b)
Start importing Assets/Character/Frank.fbm/sref3.jpg using Guid(77304c013cc9dea408eef7da9c7b7152) Importer(815301076,1909f56bfc062723c751e8b465ee728b)  -> (artifact id: '11982144aeb2b2b17df6a7104fc0a9fe') in 0.037947 seconds
  Import took 0.041401 seconds .

========================================================================
Received Import Request.
  Time since last request: 0.000413 seconds.
  path: Assets/Character/Frank.fbm/snewportshoess.jpg
  artifactKey: Guid(f16f6679145f17d4f955a20574ee6cfa) Importer(815301076,1909f56bfc062723c751e8b465ee728b)
Start importing Assets/Character/Frank.fbm/snewportshoess.jpg using Guid(f16f6679145f17d4f955a20574ee6cfa) Importer(815301076,1909f56bfc062723c751e8b465ee728b)  -> (artifact id: 'ebdcf62d70a3c8ad5fb3b2edbadeb1c5') in 0.043941 seconds
  Import took 0.047123 seconds .

========================================================================
Received Import Request.
  Time since last request: 0.000377 seconds.
  path: Assets/Character/Frank.fbm/ryeddie_eyes01_1007.jpg
  artifactKey: Guid(f15c69a02f78f2e4cbc92b6001f2c4bd) Importer(815301076,1909f56bfc062723c751e8b465ee728b)
Start importing Assets/Character/Frank.fbm/ryeddie_eyes01_1007.jpg using Guid(f15c69a02f78f2e4cbc92b6001f2c4bd) Importer(815301076,1909f56bfc062723c751e8b465ee728b)  -> (artifact id: '4011960c0d3dd7cbd81cedd712bd9c3f') in 0.028936 seconds
  Import took 0.033512 seconds .

========================================================================
Received Import Request.
  Time since last request: 0.000830 seconds.
  path: Assets/Character/Frank.fbm/ryeddie_mouth_1005.jpg
  artifactKey: Guid(d9257c216869d1a4da9cbba4e2817c64) Importer(815301076,1909f56bfc062723c751e8b465ee728b)
Start importing Assets/Character/Frank.fbm/ryeddie_mouth_1005.jpg using Guid(d9257c216869d1a4da9cbba4e2817c64) Importer(815301076,1909f56bfc062723c751e8b465ee728b)  -> (artifact id: 'bf4685e6fa24526764b060e9e46639ee') in 0.018877 seconds
  Import took 0.022911 seconds .

========================================================================
Received Import Request.
  Time since last request: 0.000468 seconds.
  path: Assets/Character/Frank.fbm/snewportshirtb.jpg
  artifactKey: Guid(ee5b364239324af42966d72f329f8efa) Importer(815301076,1909f56bfc062723c751e8b465ee728b)
Start importing Assets/Character/Frank.fbm/snewportshirtb.jpg using Guid(ee5b364239324af42966d72f329f8efa) Importer(815301076,1909f56bfc062723c751e8b465ee728b)  -> (artifact id: '12cf82e962caa1611794bbfb284305c3') in 0.073307 seconds
  Import took 0.077199 seconds .

========================================================================
Received Import Request.
  Time since last request: 0.000407 seconds.
  path: Assets/Character/Frank.fbm/ryeddie_lashes_1006.tif
  artifactKey: Guid(89c92bf7757cce24a8516f727081dc4e) Importer(815301076,1909f56bfc062723c751e8b465ee728b)
Start importing Assets/Character/Frank.fbm/ryeddie_lashes_1006.tif using Guid(89c92bf7757cce24a8516f727081dc4e) Importer(815301076,1909f56bfc062723c751e8b465ee728b)  -> (artifact id: 'a693dc3a8f995fe0f7ccbcd93e6f1a43') in 0.017399 seconds
  Import took 0.019717 seconds .

========================================================================
Received Import Request.
  Time since last request: 0.000352 seconds.
  path: Assets/Character/Frank.fbm/snewportshirt01.jpg
  artifactKey: Guid(1396305a249e4de41bf3152e311d7cf0) Importer(815301076,1909f56bfc062723c751e8b465ee728b)
Start importing Assets/Character/Frank.fbm/snewportshirt01.jpg using Guid(1396305a249e4de41bf3152e311d7cf0) Importer(815301076,1909f56bfc062723c751e8b465ee728b)  -> (artifact id: '3b26d30ca2892e3523bc36403c885577') in 0.015501 seconds
  Import took 0.018193 seconds .

========================================================================
Received Import Request.
  Time since last request: 0.000396 seconds.
  path: Assets/Character/Frank.fbm/snewportshoesb.jpg
  artifactKey: Guid(d802fc01d41960c41bc71c0cccd542d0) Importer(815301076,1909f56bfc062723c751e8b465ee728b)
Start importing Assets/Character/Frank.fbm/snewportshoesb.jpg using Guid(d802fc01d41960c41bc71c0cccd542d0) Importer(815301076,1909f56bfc062723c751e8b465ee728b)  -> (artifact id: '79163f71e512cd3e932474ce206f948d') in 0.065000 seconds
  Import took 0.067469 seconds .

========================================================================
Received Import Request.
  Time since last request: 0.000341 seconds.
  path: Assets/Character/Frank.fbm/snewportpants01.jpg
  artifactKey: Guid(8b6b47855ee10134892acaa59bc3ad0c) Importer(815301076,1909f56bfc062723c751e8b465ee728b)
Start importing Assets/Character/Frank.fbm/snewportpants01.jpg using Guid(8b6b47855ee10134892acaa59bc3ad0c) Importer(815301076,1909f56bfc062723c751e8b465ee728b)  -> (artifact id: '8223a51a02f033f3b83246cb2db0ed8a') in 0.019845 seconds
  Import took 0.022255 seconds .

========================================================================
Received Import Request.
  Time since last request: 0.000501 seconds.
  path: Assets/Character/Frank.fbm/ssushirt05s.jpg
  artifactKey: Guid(23ac7f18daedd6a4591fec8e03cf4048) Importer(815301076,1909f56bfc062723c751e8b465ee728b)
Start importing Assets/Character/Frank.fbm/ssushirt05s.jpg using Guid(23ac7f18daedd6a4591fec8e03cf4048) Importer(815301076,1909f56bfc062723c751e8b465ee728b)  -> (artifact id: '53e5e15a89777972384a96c39d16a414') in 0.059415 seconds
  Import took 0.062258 seconds .

========================================================================
Received Prepare
Refreshing native plugins compatible for Editor in 6.41 ms, found 0 plugins.
Preloading 0 native plugins for Editor in 0.00 ms.
Unloading 20 Unused Serialized files (Serialized files now loaded: 0)
System memory in use before: 55.1 MB.
System memory in use after: 55.2 MB.

Unloading 20 unused Assets to reduce memory usage. Loaded Objects now: 1628.
Total: 2.937500 ms (FindLiveObjects: 0.317800 ms CreateObjectMapping: 0.069700 ms MarkObjects: 2.517200 ms  DeleteObjects: 0.029800 ms)

========================================================================
Received Import Request.
  Time since last request: 559.581275 seconds.
  path: Assets/Character/Frank.fbx
  artifactKey: Guid(62fcc24294d27b04785b2fd296e7f470) Importer(815301076,1909f56bfc062723c751e8b465ee728b)
Start importing Assets/Character/Frank.fbx using Guid(62fcc24294d27b04785b2fd296e7f470) Importer(815301076,1909f56bfc062723c751e8b465ee728b)  -> (artifact id: '2b46cc88238d810d2777a17eeb77c38b') in 0.781410 seconds
  Import took 0.804142 seconds .

========================================================================
Received Prepare
Registering precompiled user dll's ...
Registered in 0.011984 seconds.
Begin MonoManager ReloadAssembly
Native extension for WindowsStandalone target not found
Native extension for WebGL target not found
Refreshing native plugins compatible for Editor in 0.39 ms, found 0 plugins.
Preloading 0 native plugins for Editor in 0.00 ms.
Mono: successfully reloaded assembly
- Completed reload, in  1.244 seconds
Platform modules already initialized, skipping
Refreshing native plugins compatible for Editor in 0.40 ms, found 0 plugins.
Preloading 0 native plugins for Editor in 0.00 ms.
Unloading 1141 Unused Serialized files (Serialized files now loaded: 0)
System memory in use before: 76.9 MB.
System memory in use after: 76.9 MB.

Unloading 21 unused Assets to reduce memory usage. Loaded Objects now: 1631.
Total: 1.655300 ms (FindLiveObjects: 0.134300 ms CreateObjectMapping: 0.032400 ms MarkObjects: 1.462800 ms  DeleteObjects: 0.024100 ms)

========================================================================
Received Import Request.
  Time since last request: 78.896439 seconds.
  path: Assets/Character/Frank.fbx
  artifactKey: Guid(62fcc24294d27b04785b2fd296e7f470) Importer(815301076,1909f56bfc062723c751e8b465ee728b)
Start importing Assets/Character/Frank.fbx using Guid(62fcc24294d27b04785b2fd296e7f470) Importer(815301076,1909f56bfc062723c751e8b465ee728b)  -> (artifact id: '145f027c234672876c3776076a3859d8') in 0.890860 seconds
  Import took 0.916790 seconds .

========================================================================
Received Prepare
Registering precompiled user dll's ...
Registered in 0.014553 seconds.
Begin MonoManager ReloadAssembly
Native extension for WindowsStandalone target not found
Native extension for WebGL target not found
Refreshing native plugins compatible for Editor in 0.38 ms, found 0 plugins.
Preloading 0 native plugins for Editor in 0.00 ms.
Mono: successfully reloaded assembly
- Completed reload, in  1.147 seconds
Platform modules already initialized, skipping
Refreshing native plugins compatible for Editor in 0.39 ms, found 0 plugins.
Preloading 0 native plugins for Editor in 0.00 ms.
Unloading 1141 Unused Serialized files (Serialized files now loaded: 0)
System memory in use before: 76.9 MB.
System memory in use after: 77.0 MB.

Unloading 21 unused Assets to reduce memory usage. Loaded Objects now: 1635.
Total: 2.095400 ms (FindLiveObjects: 0.164500 ms CreateObjectMapping: 0.043500 ms MarkObjects: 1.864200 ms  DeleteObjects: 0.021700 ms)

========================================================================
Received Import Request.
  Time since last request: 78.621240 seconds.
  path: Assets/Character/Frank.fbx
  artifactKey: Guid(62fcc24294d27b04785b2fd296e7f470) Importer(815301076,1909f56bfc062723c751e8b465ee728b)
Start importing Assets/Character/Frank.fbx using Guid(62fcc24294d27b04785b2fd296e7f470) Importer(815301076,1909f56bfc062723c751e8b465ee728b)  -> (artifact id: 'd3182a7c333d8c8b46fba6027028f709') in 0.932799 seconds
  Import took 1.098499 seconds .

========================================================================
Received Import Request.
  Time since last request: 88.511431 seconds.
  path: Assets/Character/Frank.fbx
  artifactKey: Guid(62fcc24294d27b04785b2fd296e7f470) Importer(815301076,1909f56bfc062723c751e8b465ee728b)
Start importing Assets/Character/Frank.fbx using Guid(62fcc24294d27b04785b2fd296e7f470) Importer(815301076,1909f56bfc062723c751e8b465ee728b)  -> (artifact id: '068024b5f145811a6d0d23fc05596207') in 0.767580 seconds
  Import took 0.791026 seconds .

========================================================================
Received Import Request.
  Time since last request: 6.192355 seconds.
  path: Assets/Character/Animations/ay.controller
  artifactKey: Guid(64c851235caf8a645b61184bda99f8f6) Importer(815301076,1909f56bfc062723c751e8b465ee728b)
Start importing Assets/Character/Animations/ay.controller using Guid(64c851235caf8a645b61184bda99f8f6) Importer(815301076,1909f56bfc062723c751e8b465ee728b)  -> (artifact id: '5b9250ca9f0fedb6aaddacc5dce9337a') in 0.015320 seconds
  Import took 0.017415 seconds .

========================================================================
Received Import Request.
  Time since last request: 0.001607 seconds.
  path: Assets/Character/Animations/ay.controller
  artifactKey: Guid(64c851235caf8a645b61184bda99f8f6) Importer(815301076,1909f56bfc062723c751e8b465ee728b)
Start importing Assets/Character/Animations/ay.controller using Guid(64c851235caf8a645b61184bda99f8f6) Importer(815301076,1909f56bfc062723c751e8b465ee728b)  -> (artifact id: '5b9250ca9f0fedb6aaddacc5dce9337a') in 0.003000 seconds
  Import took 0.005463 seconds .

========================================================================
Received Import Request.
  Time since last request: 0.591754 seconds.
  path: Assets/Character/Animations/BetaController.controller
  artifactKey: Guid(cecc1eb3686a31e4b9aa5da73ff14315) Importer(815301076,1909f56bfc062723c751e8b465ee728b)
Start importing Assets/Character/Animations/BetaController.controller using Guid(cecc1eb3686a31e4b9aa5da73ff14315) Importer(815301076,1909f56bfc062723c751e8b465ee728b)  -> (artifact id: '2ab649dfdf5d4974f3ae9ffe10885c55') in 0.011062 seconds
  Import took 0.013444 seconds .

========================================================================
Received Import Request.
  Time since last request: 20.382506 seconds.
  path: Assets/Scripts/Animation
  artifactKey: Guid(8ef2671e0c4f929478b9aadfa1ebf2ff) Importer(815301076,1909f56bfc062723c751e8b465ee728b)
Start importing Assets/Scripts/Animation using Guid(8ef2671e0c4f929478b9aadfa1ebf2ff) Importer(815301076,1909f56bfc062723c751e8b465ee728b)  -> (artifact id: '223a0a1f779547b9b5cd68ac522f32b5') in 0.008736 seconds
  Import took 0.895043 seconds .

========================================================================
Received Import Request.
  Time since last request: 3.759372 seconds.
  path: Assets/Character/Materials
  artifactKey: Guid(51b557f44d1edcf43a800f49f9a2c37e) Importer(815301076,1909f56bfc062723c751e8b465ee728b)
Start importing Assets/Character/Materials using Guid(51b557f44d1edcf43a800f49f9a2c37e) Importer(815301076,1909f56bfc062723c751e8b465ee728b)  -> (artifact id: 'fb0e6ff061085f63c17ddccb8e4da99c') in 0.007305 seconds
  Import took 0.009570 seconds .

========================================================================
Received Import Request.
  Time since last request: 0.001435 seconds.
  path: Assets/Character/Materials
  artifactKey: Guid(51b557f44d1edcf43a800f49f9a2c37e) Importer(815301076,1909f56bfc062723c751e8b465ee728b)
Start importing Assets/Character/Materials using Guid(51b557f44d1edcf43a800f49f9a2c37e) Importer(815301076,1909f56bfc062723c751e8b465ee728b)  -> (artifact id: 'fb0e6ff061085f63c17ddccb8e4da99c') in 0.003438 seconds
  Import took 0.006414 seconds .

========================================================================
Received Import Request.
  Time since last request: 0.065249 seconds.
  path: Assets/Character/Materials/Cornea.mat
  artifactKey: Guid(639529009a3ef26488c1868099384957) Importer(815301076,1909f56bfc062723c751e8b465ee728b)
Start importing Assets/Character/Materials/Cornea.mat using Guid(639529009a3ef26488c1868099384957) Importer(815301076,1909f56bfc062723c751e8b465ee728b)  -> (artifact id: '54a81efea443e81e27e3426ddee1ce18') in 0.030185 seconds
  Import took 0.033078 seconds .

========================================================================
Received Import Request.
  Time since last request: 0.000396 seconds.
  path: Assets/Character/Materials/snewportshoes01.mat
  artifactKey: Guid(8408e97f15d66c644aac4edd407a2b0f) Importer(815301076,1909f56bfc062723c751e8b465ee728b)
Start importing Assets/Character/Materials/snewportshoes01.mat using Guid(8408e97f15d66c644aac4edd407a2b0f) Importer(815301076,1909f56bfc062723c751e8b465ee728b)  -> (artifact id: 'eb663627e26e093145e14c814b72a5d6') in 0.018455 seconds
  Import took 0.020629 seconds .

========================================================================
Received Import Request.
  Time since last request: 0.000381 seconds.
  path: Assets/Character/Materials/snewportshirt01.mat
  artifactKey: Guid(aaafe81883817e747a48054bec2fbc94) Importer(815301076,1909f56bfc062723c751e8b465ee728b)
Start importing Assets/Character/Materials/snewportshirt01.mat using Guid(aaafe81883817e747a48054bec2fbc94) Importer(815301076,1909f56bfc062723c751e8b465ee728b)  -> (artifact id: 'dd080240316a4b5a9d655c4d8579c2e5') in 0.017471 seconds
  Import took 0.099000 seconds .

========================================================================
Received Import Request.
  Time since last request: 0.000391 seconds.
  path: Assets/Character/Materials/ryeddie_eyerefl01_1008.mat
  artifactKey: Guid(77d937b29f789bc42b352fb1c7c9cebb) Importer(815301076,1909f56bfc062723c751e8b465ee728b)
Start importing Assets/Character/Materials/ryeddie_eyerefl01_1008.mat using Guid(77d937b29f789bc42b352fb1c7c9cebb) Importer(815301076,1909f56bfc062723c751e8b465ee728b)  -> (artifact id: '3aadcef9b5882643d8c3453af9e2992a') in 0.014824 seconds
  Import took 0.016734 seconds .

========================================================================
Received Import Request.
  Time since last request: 0.000416 seconds.
  path: Assets/Character/Materials/ryeddie_legs_1003.mat
  artifactKey: Guid(f0b322c0213fd93418a243c7f58ac9d2) Importer(815301076,1909f56bfc062723c751e8b465ee728b)
Start importing Assets/Character/Materials/ryeddie_legs_1003.mat using Guid(f0b322c0213fd93418a243c7f58ac9d2) Importer(815301076,1909f56bfc062723c751e8b465ee728b)  -> (artifact id: 'f7641085a717b70e4d66ba8a3198e507') in 0.015744 seconds
  Import took 0.018206 seconds .

========================================================================
Received Import Request.
  Time since last request: 0.000367 seconds.
  path: Assets/Character/Materials/ryeddie_face_1001.mat
  artifactKey: Guid(dc39d0f91bd64fd4498472086969555e) Importer(815301076,1909f56bfc062723c751e8b465ee728b)
Start importing Assets/Character/Materials/ryeddie_face_1001.mat using Guid(dc39d0f91bd64fd4498472086969555e) Importer(815301076,1909f56bfc062723c751e8b465ee728b)  -> (artifact id: '3cb110ad018785c72bf4d9fd1e3431d3') in 0.016817 seconds
  Import took 0.019061 seconds .

========================================================================
Received Import Request.
  Time since last request: 0.000378 seconds.
  path: Assets/Character/Materials/ryeddie_torso_1002.mat
  artifactKey: Guid(26086cfa70932a14c80e3f7a25938559) Importer(815301076,1909f56bfc062723c751e8b465ee728b)
Start importing Assets/Character/Materials/ryeddie_torso_1002.mat using Guid(26086cfa70932a14c80e3f7a25938559) Importer(815301076,1909f56bfc062723c751e8b465ee728b)  -> (artifact id: '408e3a4221cd48590eef84dc8d057484') in 0.020076 seconds
  Import took 0.023015 seconds .

========================================================================
Received Import Request.
  Time since last request: 0.000744 seconds.
  path: Assets/Character/Materials/ryeddie_arms_1004.mat
  artifactKey: Guid(51513c5a53fff7a45affd20c507a2767) Importer(815301076,1909f56bfc062723c751e8b465ee728b)
Start importing Assets/Character/Materials/ryeddie_arms_1004.mat using Guid(51513c5a53fff7a45affd20c507a2767) Importer(815301076,1909f56bfc062723c751e8b465ee728b)  -> (artifact id: '0c2d383956f7e59822ea7837a90bd02f') in 0.019029 seconds
  Import took 0.033727 seconds .

========================================================================
Received Import Request.
  Time since last request: 0.000422 seconds.
  path: Assets/Character/Materials/ryeddie_eyes01_1007.mat
  artifactKey: Guid(f380c996582f661498151d474f6e21e6) Importer(815301076,1909f56bfc062723c751e8b465ee728b)
Start importing Assets/Character/Materials/ryeddie_eyes01_1007.mat using Guid(f380c996582f661498151d474f6e21e6) Importer(815301076,1909f56bfc062723c751e8b465ee728b)  -> (artifact id: 'cfb5d3e76802fb8f3cf177e33b86a8e1') in 0.018419 seconds
  Import took 0.021093 seconds .

========================================================================
Received Import Request.
  Time since last request: 0.000399 seconds.
  path: Assets/Character/Materials/newShirt.mat
  artifactKey: Guid(6593a43188038e64fa900f9658109906) Importer(815301076,1909f56bfc062723c751e8b465ee728b)
Start importing Assets/Character/Materials/newShirt.mat using Guid(6593a43188038e64fa900f9658109906) Importer(815301076,1909f56bfc062723c751e8b465ee728b)  -> (artifact id: '79555246e365db3713129eff598343f3') in 0.017694 seconds
  Import took 0.032816 seconds .

========================================================================
Received Import Request.
  Time since last request: 0.000430 seconds.
  path: Assets/Character/Materials/ryeddie_lashes_1006.mat
  artifactKey: Guid(6249530eccfad3c4280b87566f6a744f) Importer(815301076,1909f56bfc062723c751e8b465ee728b)
Start importing Assets/Character/Materials/ryeddie_lashes_1006.mat using Guid(6249530eccfad3c4280b87566f6a744f) Importer(815301076,1909f56bfc062723c751e8b465ee728b)  -> (artifact id: '6ec550e830236af5a4aeafd35384812c') in 0.018463 seconds
  Import took 0.029662 seconds .

========================================================================
Received Import Request.
  Time since last request: 0.000425 seconds.
  path: Assets/Character/Materials/ryeddie_mouth_1005.mat
  artifactKey: Guid(28e6066d67b05264eb29b2d0f7654c10) Importer(815301076,1909f56bfc062723c751e8b465ee728b)
Start importing Assets/Character/Materials/ryeddie_mouth_1005.mat using Guid(28e6066d67b05264eb29b2d0f7654c10) Importer(815301076,1909f56bfc062723c751e8b465ee728b)  -> (artifact id: '9eb5ce1dd7a7e7f7f5be1c021418afe9') in 0.017518 seconds
  Import took 0.019922 seconds .

========================================================================
Received Import Request.
  Time since last request: 0.000391 seconds.
  path: Assets/Character/Materials/snewportpants01.mat
  artifactKey: Guid(8d0b3181beddbd84b8a652c33be03513) Importer(815301076,1909f56bfc062723c751e8b465ee728b)
Start importing Assets/Character/Materials/snewportpants01.mat using Guid(8d0b3181beddbd84b8a652c33be03513) Importer(815301076,1909f56bfc062723c751e8b465ee728b)  -> (artifact id: 'de03de94dc33cef3cee5a5d3a2e66df4') in 0.015504 seconds
  Import took 0.017871 seconds .

========================================================================
Received Import Request.
  Time since last request: 0.000491 seconds.
  path: Assets/Character/Materials/ssushirt05.mat
  artifactKey: Guid(9c9bc968d33b87e45bd9b5db5a657428) Importer(815301076,1909f56bfc062723c751e8b465ee728b)
Start importing Assets/Character/Materials/ssushirt05.mat using Guid(9c9bc968d33b87e45bd9b5db5a657428) Importer(815301076,1909f56bfc062723c751e8b465ee728b)  -> (artifact id: '9f9c2ca731e78e2dce5b5f9775c48489') in 0.017893 seconds
  Import took 0.020497 seconds .

========================================================================
Received Import Request.
  Time since last request: 0.000360 seconds.
  path: Assets/Character/Materials/snewportpants01.mat
  artifactKey: Guid(8d0b3181beddbd84b8a652c33be03513) Importer(815301076,1909f56bfc062723c751e8b465ee728b)
Start importing Assets/Character/Materials/snewportpants01.mat using Guid(8d0b3181beddbd84b8a652c33be03513) Importer(815301076,1909f56bfc062723c751e8b465ee728b)  -> (artifact id: 'de03de94dc33cef3cee5a5d3a2e66df4') in 0.017323 seconds
  Import took 0.021323 seconds .

========================================================================
Received Import Request.
  Time since last request: 0.000367 seconds.
  path: Assets/Character/Materials/ssushirt05.mat
  artifactKey: Guid(9c9bc968d33b87e45bd9b5db5a657428) Importer(815301076,1909f56bfc062723c751e8b465ee728b)
Start importing Assets/Character/Materials/ssushirt05.mat using Guid(9c9bc968d33b87e45bd9b5db5a657428) Importer(815301076,1909f56bfc062723c751e8b465ee728b)  -> (artifact id: '9f9c2ca731e78e2dce5b5f9775c48489') in 0.016866 seconds
  Import took 0.019267 seconds .

========================================================================
Received Prepare
Registering precompiled user dll's ...
Registered in 0.017695 seconds.
Begin MonoManager ReloadAssembly
Native extension for WindowsStandalone target not found
Native extension for WebGL target not found
Refreshing native plugins compatible for Editor in 0.36 ms, found 0 plugins.
Preloading 0 native plugins for Editor in 0.00 ms.
Mono: successfully reloaded assembly
- Completed reload, in  1.045 seconds
Platform modules already initialized, skipping
Refreshing native plugins compatible for Editor in 0.32 ms, found 0 plugins.
Preloading 0 native plugins for Editor in 0.00 ms.
Unloading 1141 Unused Serialized files (Serialized files now loaded: 0)
System memory in use before: 77.3 MB.
System memory in use after: 77.4 MB.

Unloading 21 unused Assets to reduce memory usage. Loaded Objects now: 1639.
Total: 1.651300 ms (FindLiveObjects: 0.206200 ms CreateObjectMapping: 0.036300 ms MarkObjects: 1.391600 ms  DeleteObjects: 0.016200 ms)

========================================================================
Received Import Request.
  Time since last request: 37.156182 seconds.
  path: Assets/Character/BetaController.controller
  artifactKey: Guid(8ffbca4bde30ca747951e52a35163a27) Importer(815301076,1909f56bfc062723c751e8b465ee728b)
Start importing Assets/Character/BetaController.controller using Guid(8ffbca4bde30ca747951e52a35163a27) Importer(815301076,1909f56bfc062723c751e8b465ee728b)  -> (artifact id: 'eebca17cf6587d361e9281d07f379970') in 0.015156 seconds
  Import took 0.163143 seconds .

========================================================================
Received Prepare
Registering precompiled user dll's ...
Registered in 0.009942 seconds.
Begin MonoManager ReloadAssembly
Native extension for WindowsStandalone target not found
Native extension for WebGL target not found
Refreshing native plugins compatible for Editor in 0.37 ms, found 0 plugins.
Preloading 0 native plugins for Editor in 0.00 ms.
Mono: successfully reloaded assembly
- Completed reload, in  1.043 seconds
Platform modules already initialized, skipping
Refreshing native plugins compatible for Editor in 0.35 ms, found 0 plugins.
Preloading 0 native plugins for Editor in 0.00 ms.
Unloading 1141 Unused Serialized files (Serialized files now loaded: 0)
System memory in use before: 77.3 MB.
System memory in use after: 77.4 MB.

Unloading 21 unused Assets to reduce memory usage. Loaded Objects now: 1642.
Total: 1.809100 ms (FindLiveObjects: 0.144800 ms CreateObjectMapping: 0.039600 ms MarkObjects: 1.603700 ms  DeleteObjects: 0.019800 ms)

========================================================================
Received Prepare
Refreshing native plugins compatible for Editor in 12.69 ms, found 0 plugins.
Preloading 0 native plugins for Editor in 0.00 ms.
Unloading 20 Unused Serialized files (Serialized files now loaded: 0)
System memory in use before: 55.1 MB.
System memory in use after: 55.1 MB.

Unloading 19 unused Assets to reduce memory usage. Loaded Objects now: 1642.
Total: 4.853100 ms (FindLiveObjects: 0.382500 ms CreateObjectMapping: 0.070200 ms MarkObjects: 4.359700 ms  DeleteObjects: 0.035700 ms)

AssetImportWorkerClient::OnTransportError - code=2 error=End of file
