
=== Tue Jul 16 14:48:46 2019

Packages were changed.
Update Mode: updateDependencies

The following packages were added:
  com.unity.2d.tilemap@1.0.0
  com.unity.collab-proxy@1.2.16
  com.unity.ext.nunit@1.0.0
  com.unity.test-framework@1.0.12
  com.unity.timeline@1.0.0
  com.unity.2d.sprite@1.0.0
  com.unity.ide.vscode@1.0.4
  com.unity.ide.visualstudio@1.0.5
  com.unity.ide.rider@1.0.4
  com.unity.modules.androidjni@1.0.0
  com.unity.multiplayer-hlapi@1.0.2
  com.unity.xr.legacyinputhelpers@2.0.2
The following packages were updated:
  com.unity.analytics from version 2.0.16 to 3.2.2
  com.unity.package-manager-ui from version 1.9.11 to 2.2.0
  com.unity.purchasing from version 2.0.3 to 2.0.6
  com.unity.textmeshpro from version 1.2.4 to 1.3.0

=== Tue Dec  3 11:23:06 2019

Packages were changed.
Update Mode: resetToDefaultDependencies

The following packages were added:
  com.unity.timeline@1.1.0
  com.unity.ugui@1.0.0
  com.unity.modules.unityanalytics@1.0.0
The following packages were updated:
  com.unity.textmeshpro from version 1.3.0 to 2.0.1
  com.unity.test-framework from version 1.0.12 to 1.0.13
  com.unity.ide.vscode from version 1.0.4 to 1.1.0
  com.unity.ide.rider from version 1.0.4 to 1.1.0
The following packages were removed:
  com.unity.2d.sprite@1.0.0
  com.unity.2d.tilemap@1.0.0
  com.unity.ads@2.0.8
  com.unity.analytics@3.2.2
  com.unity.ide.visualstudio@1.0.5
  com.unity.multiplayer-hlapi@1.0.2
  com.unity.purchasing@2.0.6
  com.unity.xr.legacyinputhelpers@2.0.2

=== Wed Feb 12 14:58:10 2020

Packages were changed.
Update Mode: updateDependencies

The following packages were updated:
  com.unity.ide.rider from version 1.1.0 to 1.1.4
  com.unity.ide.vscode from version 1.1.0 to 1.1.4
  com.unity.test-framework from version 1.0.13 to 1.1.9
  com.unity.timeline from version 1.1.0 to 1.2.10
The following packages were removed:
  com.unity.package-manager-ui@2.2.0

=== Wed Dec 16 10:35:56 2020

Packages were changed.
Update Mode: updateDependencies

The following packages were updated:
  com.unity.ide.vscode from version 1.1.4 to 1.2.1
  com.unity.test-framework from version 1.1.9 to 1.1.16

=== Mon Apr  5 11:12:06 2021

Packages were changed.
Update Mode: updateDependencies

The following packages were added:
  com.unity.ide.visualstudio@2.0.7
The following packages were updated:
  com.unity.collab-proxy from version 1.2.16 to 1.3.9
  com.unity.ext.nunit from version 1.0.0 to 1.0.6
  com.unity.ide.rider from version 1.1.4 to 2.0.7
  com.unity.ide.vscode from version 1.2.1 to 1.2.3
  com.unity.test-framework from version 1.1.16 to 1.1.22
  com.unity.textmeshpro from version 2.0.1 to 3.0.1
  com.unity.timeline from version 1.2.10 to 1.4.6

=== Tue May 11 18:26:17 2021

Packages were changed.
Update Mode: updateDependencies

The following packages were updated:
  com.unity.test-framework from version 1.1.22 to 1.1.24
  com.unity.timeline from version 1.4.6 to 1.4.7

=== Mon Aug 23 16:48:43 2021

Packages were changed.
Update Mode: updateDependencies

The following packages were updated:
  com.unity.collab-proxy from version 1.3.9 to 1.5.7
  com.unity.ide.visualstudio from version 2.0.7 to 2.0.9
  com.unity.test-framework from version 1.1.24 to 1.1.27
  com.unity.textmeshpro from version 3.0.1 to 3.0.6
  com.unity.timeline from version 1.4.7 to 1.4.8

=== Sat Oct 30 22:22:57 2021

Packages were changed.
Update Mode: updateDependencies

The following packages were updated:
  com.unity.collab-proxy from version 1.5.7 to 1.9.0

=== Fri Oct 21 11:32:45 2022

Packages were changed.
Update Mode: updateDependencies

The following packages were updated:
  com.unity.collab-proxy from version 1.9.0 to 1.17.2
  com.unity.ide.rider from version 2.0.7 to 3.0.15
  com.unity.ide.visualstudio from version 2.0.11 to 2.0.16
  com.unity.ide.vscode from version 1.2.3 to 1.2.5
  com.unity.timeline from version 1.4.8 to 1.6.4
